<?xml version="1.0" encoding="UTF-8"?>
<!-- Generated by org.testng.reporters.JUnitReportReporter -->
<testsuite hostname="LAPTOP-CI4N8TTQ" failures="0" tests="1" name="TEST.FRAMEWORK.QTest_1" time="26.017" errors="0" timestamp="2025-01-16T20:08:16 IST" skipped="0">
  <testcase classname="TEST.FRAMEWORK.QTest_1" name="captchaTest" time="26.017"/>
</testsuite> <!-- TEST.FRAMEWORK.QTest_1 -->
