<?xml version="1.0" encoding="UTF-8"?>
<!-- Generated by org.testng.reporters.JUnitReportReporter -->
<testsuite hostname="LAPTOP-CI4N8TTQ" failures="0" tests="1" name="scripts.Demo" time="6.272" errors="0" timestamp="2025-02-07T16:15:08 IST" skipped="0">
  <testcase classname="scripts.Demo" name="test" time="6.272"/>
  <system-out/>
</testsuite> <!-- scripts.Demo -->
